[22:48:27] [ServerMain/INFO]: Environment: authHost='https://authserver.mojang.com', accountsHost='https://api.mojang.com', sessionHost='https://sessionserver.mojang.com', servicesHost='https://api.minecraftservices.com', name='PROD'
[22:48:29] [ServerMain/INFO]: Loaded 7 recipes
[22:48:29] [ServerMain/INFO]: Loaded 1179 advancements
[22:48:30] [Server thread/INFO]: Starting minecraft server version 1.19.4
[22:48:30] [Server thread/INFO]: Loading properties
[22:48:30] [Server thread/INFO]: Default game type: SURVIVAL
[22:48:30] [Server thread/INFO]: Generating keypair
[22:48:30] [Server thread/INFO]: Starting Minecraft server on 192.168.1.110:25565
[22:48:30] [Server thread/INFO]: Using default channel type
[22:48:30] [Server thread/WARN]: **** SERVER IS RUNNING IN OFFLINE/INSECURE MODE!
[22:48:30] [Server thread/WARN]: The server will make no attempt to authenticate usernames. Beware.
[22:48:30] [Server thread/WARN]: While this makes the game possible to play without internet access, it also opens up the ability for hackers to connect with any username they choose.
[22:48:30] [Server thread/WARN]: To change this, set "online-mode" to "true" in the server.properties file.
[22:48:30] [Server thread/INFO]: Preparing level "world"
[22:48:32] [Server thread/INFO]: Preparing start region for dimension minecraft:overworld
[22:48:35] [Worker-Main-11/INFO]: Preparing spawn area: 0%
[22:48:35] [Worker-Main-11/INFO]: Preparing spawn area: 0%
[22:48:35] [Worker-Main-11/INFO]: Preparing spawn area: 0%
[22:48:35] [Worker-Main-11/INFO]: Preparing spawn area: 0%
[22:48:35] [Worker-Main-8/INFO]: Preparing spawn area: 0%
[22:48:35] [Worker-Main-8/INFO]: Preparing spawn area: 0%
[22:48:35] [Worker-Main-8/INFO]: Preparing spawn area: 0%
[22:48:35] [Worker-Main-7/INFO]: Preparing spawn area: 5%
[22:48:36] [Worker-Main-11/INFO]: Preparing spawn area: 55%
[22:48:36] [Server thread/INFO]: Time elapsed: 4321 ms
[22:48:36] [Server thread/INFO]: Done (5.973s)! For help, type "help"
[22:48:45] [Server thread/INFO]: Jefisto[/192.168.1.110:58024] logged in with entity id 174 at (18.5, 72.0, -19.5)
[22:48:45] [Server thread/INFO]: Jefisto joined the game
[22:48:50] [Server thread/INFO]: Jefisto lost connection: Disconnected
[22:48:50] [Server thread/INFO]: Jefisto left the game
[22:48:50] [Server thread/WARN]: Can't keep up! Is the server overloaded? Running 2223ms or 44 ticks behind
